mode: set
github.com/marsevilspirit/m_RPC/codec/codec.go:18.58,19.32 1 1
github.com/marsevilspirit/m_RPC/codec/codec.go:19.32,21.3 1 1
github.com/marsevilspirit/m_RPC/codec/codec.go:24.2,24.49 1 1
github.com/marsevilspirit/m_RPC/codec/codec.go:27.61,30.2 2 0
github.com/marsevilspirit/m_RPC/codec/codec.go:34.58,36.2 1 1
github.com/marsevilspirit/m_RPC/codec/codec.go:38.61,40.2 1 1
github.com/marsevilspirit/m_RPC/codec/codec.go:44.62,45.35 1 1
github.com/marsevilspirit/m_RPC/codec/codec.go:45.35,47.3 1 1
github.com/marsevilspirit/m_RPC/codec/codec.go:49.2,49.55 1 1
github.com/marsevilspirit/m_RPC/codec/codec.go:52.65,53.37 1 1
github.com/marsevilspirit/m_RPC/codec/codec.go:53.37,55.3 1 1
github.com/marsevilspirit/m_RPC/codec/codec.go:57.2,57.55 1 0
github.com/marsevilspirit/m_RPC/codec/codec.go:62.61,64.2 1 1
github.com/marsevilspirit/m_RPC/codec/codec.go:66.64,68.2 1 1
github.com/marsevilspirit/m_RPC/protocol/massage.go:69.28,77.2 3 1
github.com/marsevilspirit/m_RPC/protocol/massage.go:88.41,90.2 1 1
github.com/marsevilspirit/m_RPC/protocol/massage.go:92.33,94.2 1 1
github.com/marsevilspirit/m_RPC/protocol/massage.go:96.37,98.2 1 1
github.com/marsevilspirit/m_RPC/protocol/massage.go:102.43,104.2 1 0
github.com/marsevilspirit/m_RPC/protocol/massage.go:106.49,108.2 1 1
github.com/marsevilspirit/m_RPC/protocol/massage.go:110.36,112.2 1 1
github.com/marsevilspirit/m_RPC/protocol/massage.go:114.40,115.8 1 1
github.com/marsevilspirit/m_RPC/protocol/massage.go:115.8,117.3 1 1
github.com/marsevilspirit/m_RPC/protocol/massage.go:117.8,119.3 1 1
github.com/marsevilspirit/m_RPC/protocol/massage.go:122.33,124.2 1 1
github.com/marsevilspirit/m_RPC/protocol/massage.go:126.41,127.12 1 1
github.com/marsevilspirit/m_RPC/protocol/massage.go:127.12,129.3 1 1
github.com/marsevilspirit/m_RPC/protocol/massage.go:129.8,131.3 1 1
github.com/marsevilspirit/m_RPC/protocol/massage.go:134.45,136.2 1 1
github.com/marsevilspirit/m_RPC/protocol/massage.go:138.51,140.2 1 1
github.com/marsevilspirit/m_RPC/protocol/massage.go:142.55,144.2 1 0
github.com/marsevilspirit/m_RPC/protocol/massage.go:146.61,148.2 1 1
github.com/marsevilspirit/m_RPC/protocol/massage.go:151.47,153.2 1 1
github.com/marsevilspirit/m_RPC/protocol/massage.go:155.53,157.2 1 1
github.com/marsevilspirit/m_RPC/protocol/massage.go:159.30,161.2 1 1
github.com/marsevilspirit/m_RPC/protocol/massage.go:163.37,165.2 1 1
github.com/marsevilspirit/m_RPC/protocol/massage.go:167.35,174.2 3 0
github.com/marsevilspirit/m_RPC/protocol/massage.go:176.34,190.2 9 0
github.com/marsevilspirit/m_RPC/protocol/massage.go:192.54,196.16 3 1
github.com/marsevilspirit/m_RPC/protocol/massage.go:196.16,198.3 1 0
github.com/marsevilspirit/m_RPC/protocol/massage.go:200.2,204.16 4 1
github.com/marsevilspirit/m_RPC/protocol/massage.go:204.16,206.3 1 0
github.com/marsevilspirit/m_RPC/protocol/massage.go:208.2,211.16 3 1
github.com/marsevilspirit/m_RPC/protocol/massage.go:211.16,213.3 1 0
github.com/marsevilspirit/m_RPC/protocol/massage.go:215.2,218.16 3 1
github.com/marsevilspirit/m_RPC/protocol/massage.go:218.16,220.3 1 0
github.com/marsevilspirit/m_RPC/protocol/massage.go:222.2,225.16 3 1
github.com/marsevilspirit/m_RPC/protocol/massage.go:225.16,227.3 1 0
github.com/marsevilspirit/m_RPC/protocol/massage.go:229.2,231.19 2 1
github.com/marsevilspirit/m_RPC/protocol/massage.go:234.49,236.22 2 1
github.com/marsevilspirit/m_RPC/protocol/massage.go:236.22,241.3 4 1
github.com/marsevilspirit/m_RPC/protocol/massage.go:243.2,243.20 1 1
github.com/marsevilspirit/m_RPC/protocol/massage.go:246.77,248.16 2 1
github.com/marsevilspirit/m_RPC/protocol/massage.go:248.16,250.3 1 0
github.com/marsevilspirit/m_RPC/protocol/massage.go:252.2,254.12 3 1
github.com/marsevilspirit/m_RPC/protocol/massage.go:254.12,256.3 1 0
github.com/marsevilspirit/m_RPC/protocol/massage.go:258.2,260.16 3 1
github.com/marsevilspirit/m_RPC/protocol/massage.go:260.16,262.3 1 0
github.com/marsevilspirit/m_RPC/protocol/massage.go:264.2,265.22 2 1
github.com/marsevilspirit/m_RPC/protocol/massage.go:265.22,267.3 1 0
github.com/marsevilspirit/m_RPC/protocol/massage.go:269.2,269.41 1 1
github.com/marsevilspirit/m_RPC/protocol/massage.go:269.41,271.3 1 1
github.com/marsevilspirit/m_RPC/protocol/massage.go:273.2,273.15 1 1
github.com/marsevilspirit/m_RPC/protocol/massage.go:276.42,279.16 3 1
github.com/marsevilspirit/m_RPC/protocol/massage.go:279.16,281.3 1 0
github.com/marsevilspirit/m_RPC/protocol/massage.go:283.2,285.16 3 1
github.com/marsevilspirit/m_RPC/protocol/massage.go:285.16,287.3 1 0
github.com/marsevilspirit/m_RPC/protocol/massage.go:289.2,290.16 2 1
github.com/marsevilspirit/m_RPC/protocol/massage.go:290.16,292.3 1 0
github.com/marsevilspirit/m_RPC/protocol/massage.go:293.2,299.17 4 1
github.com/marsevilspirit/m_RPC/example/helloworldserver/main.go:8.13,13.2 4 0
github.com/marsevilspirit/m_RPC/log/default_logger.go:15.49,17.2 1 0
github.com/marsevilspirit/m_RPC/log/default_logger.go:18.65,20.2 1 0
github.com/marsevilspirit/m_RPC/log/default_logger.go:22.48,24.2 1 0
github.com/marsevilspirit/m_RPC/log/default_logger.go:25.64,27.2 1 0
github.com/marsevilspirit/m_RPC/log/default_logger.go:29.48,31.2 1 0
github.com/marsevilspirit/m_RPC/log/default_logger.go:32.64,34.2 1 0
github.com/marsevilspirit/m_RPC/log/default_logger.go:36.49,38.2 1 0
github.com/marsevilspirit/m_RPC/log/default_logger.go:39.65,41.2 1 0
github.com/marsevilspirit/m_RPC/log/default_logger.go:43.49,46.2 2 0
github.com/marsevilspirit/m_RPC/log/default_logger.go:47.65,50.2 2 0
github.com/marsevilspirit/m_RPC/log/default_logger.go:52.49,54.2 1 0
github.com/marsevilspirit/m_RPC/log/default_logger.go:55.65,57.2 1 0
github.com/marsevilspirit/m_RPC/log/default_logger.go:59.37,61.2 1 0
github.com/marsevilspirit/m_RPC/log/logger.go:34.31,36.2 1 0
github.com/marsevilspirit/m_RPC/log/logger.go:38.30,40.2 1 0
github.com/marsevilspirit/m_RPC/log/logger.go:41.46,43.2 1 0
github.com/marsevilspirit/m_RPC/log/logger.go:45.29,47.2 1 0
github.com/marsevilspirit/m_RPC/log/logger.go:48.45,50.2 1 0
github.com/marsevilspirit/m_RPC/log/logger.go:52.29,54.2 1 0
github.com/marsevilspirit/m_RPC/log/logger.go:55.45,57.2 1 0
github.com/marsevilspirit/m_RPC/log/logger.go:59.30,61.2 1 0
github.com/marsevilspirit/m_RPC/log/logger.go:62.46,64.2 1 0
github.com/marsevilspirit/m_RPC/log/logger.go:66.30,68.2 1 0
github.com/marsevilspirit/m_RPC/log/logger.go:69.46,71.2 1 0
github.com/marsevilspirit/m_RPC/log/logger.go:73.30,75.2 1 0
github.com/marsevilspirit/m_RPC/log/logger.go:76.46,78.2 1 0
github.com/marsevilspirit/m_RPC/server/listener.go:10.36,13.2 2 0
github.com/marsevilspirit/m_RPC/server/listener.go:15.73,16.17 1 0
github.com/marsevilspirit/m_RPC/server/listener.go:17.19,18.24 1 0
github.com/marsevilspirit/m_RPC/server/listener.go:18.24,20.4 1 0
github.com/marsevilspirit/m_RPC/server/listener.go:20.9,22.4 1 0
github.com/marsevilspirit/m_RPC/server/listener.go:24.3,24.64 1 0
github.com/marsevilspirit/m_RPC/server/listener.go:26.10,27.41 1 0
github.com/marsevilspirit/m_RPC/server/listener.go:30.2,30.16 1 0
github.com/marsevilspirit/m_RPC/server/server.go:33.38,35.2 1 0
github.com/marsevilspirit/m_RPC/server/server.go:57.37,58.17 1 0
github.com/marsevilspirit/m_RPC/server/server.go:58.17,60.3 1 0
github.com/marsevilspirit/m_RPC/server/server.go:62.2,62.20 1 0
github.com/marsevilspirit/m_RPC/server/server.go:65.44,69.19 3 0
github.com/marsevilspirit/m_RPC/server/server.go:69.19,71.3 1 0
github.com/marsevilspirit/m_RPC/server/server.go:73.2,73.15 1 0
github.com/marsevilspirit/m_RPC/server/server.go:76.61,80.16 3 0
github.com/marsevilspirit/m_RPC/server/server.go:80.16,82.3 1 0
github.com/marsevilspirit/m_RPC/server/server.go:83.2,85.23 2 0
github.com/marsevilspirit/m_RPC/server/server.go:85.23,88.3 2 0
github.com/marsevilspirit/m_RPC/server/server.go:90.2,90.28 1 0
github.com/marsevilspirit/m_RPC/server/server.go:93.55,99.25 4 0
github.com/marsevilspirit/m_RPC/server/server.go:99.25,101.3 1 0
github.com/marsevilspirit/m_RPC/server/server.go:102.2,104.6 2 0
github.com/marsevilspirit/m_RPC/server/server.go:104.6,106.15 2 0
github.com/marsevilspirit/m_RPC/server/server.go:106.15,107.11 1 0
github.com/marsevilspirit/m_RPC/server/server.go:108.23,109.27 1 0
github.com/marsevilspirit/m_RPC/server/server.go:110.12,110.12 0 0
github.com/marsevilspirit/m_RPC/server/server.go:113.4,113.73 1 0
github.com/marsevilspirit/m_RPC/server/server.go:113.73,114.23 1 0
github.com/marsevilspirit/m_RPC/server/server.go:114.23,116.6 1 0
github.com/marsevilspirit/m_RPC/server/server.go:116.11,118.6 1 0
github.com/marsevilspirit/m_RPC/server/server.go:120.5,120.48 1 0
github.com/marsevilspirit/m_RPC/server/server.go:120.48,122.6 1 0
github.com/marsevilspirit/m_RPC/server/server.go:124.5,126.13 3 0
github.com/marsevilspirit/m_RPC/server/server.go:128.4,128.12 1 0
github.com/marsevilspirit/m_RPC/server/server.go:130.3,132.40 2 0
github.com/marsevilspirit/m_RPC/server/server.go:132.40,135.4 2 0
github.com/marsevilspirit/m_RPC/server/server.go:137.3,141.23 4 0
github.com/marsevilspirit/m_RPC/server/server.go:145.63,148.19 2 0
github.com/marsevilspirit/m_RPC/server/server.go:148.19,150.3 1 0
github.com/marsevilspirit/m_RPC/server/server.go:151.2,155.25 4 0
github.com/marsevilspirit/m_RPC/server/server.go:155.25,157.3 1 0
github.com/marsevilspirit/m_RPC/server/server.go:158.2,160.15 2 0
github.com/marsevilspirit/m_RPC/server/server.go:163.43,164.15 1 0
github.com/marsevilspirit/m_RPC/server/server.go:164.15,165.35 1 0
github.com/marsevilspirit/m_RPC/server/server.go:165.35,170.4 4 0
github.com/marsevilspirit/m_RPC/server/server.go:172.3,175.15 4 0
github.com/marsevilspirit/m_RPC/server/server.go:178.2,178.41 1 0
github.com/marsevilspirit/m_RPC/server/server.go:178.41,179.33 1 0
github.com/marsevilspirit/m_RPC/server/server.go:179.33,181.4 1 0
github.com/marsevilspirit/m_RPC/server/server.go:182.3,182.34 1 0
github.com/marsevilspirit/m_RPC/server/server.go:182.34,184.4 1 0
github.com/marsevilspirit/m_RPC/server/server.go:185.3,185.45 1 0
github.com/marsevilspirit/m_RPC/server/server.go:185.45,187.4 1 0
github.com/marsevilspirit/m_RPC/server/server.go:190.2,194.6 4 0
github.com/marsevilspirit/m_RPC/server/server.go:194.6,197.25 2 0
github.com/marsevilspirit/m_RPC/server/server.go:197.25,199.4 1 0
github.com/marsevilspirit/m_RPC/server/server.go:201.3,202.17 2 0
github.com/marsevilspirit/m_RPC/server/server.go:202.17,205.4 2 0
github.com/marsevilspirit/m_RPC/server/server.go:207.3,207.26 1 0
github.com/marsevilspirit/m_RPC/server/server.go:207.26,209.4 1 0
github.com/marsevilspirit/m_RPC/server/server.go:211.3,211.13 1 0
github.com/marsevilspirit/m_RPC/server/server.go:211.13,213.18 2 0
github.com/marsevilspirit/m_RPC/server/server.go:213.18,215.5 1 0
github.com/marsevilspirit/m_RPC/server/server.go:217.4,218.13 2 0
github.com/marsevilspirit/m_RPC/server/server.go:223.99,226.2 2 0
github.com/marsevilspirit/m_RPC/server/server.go:228.111,237.20 8 1
github.com/marsevilspirit/m_RPC/server/server.go:237.20,240.3 2 0
github.com/marsevilspirit/m_RPC/server/server.go:241.2,242.18 2 1
github.com/marsevilspirit/m_RPC/server/server.go:242.18,245.3 2 0
github.com/marsevilspirit/m_RPC/server/server.go:247.2,250.41 3 1
github.com/marsevilspirit/m_RPC/server/server.go:250.41,252.3 1 1
github.com/marsevilspirit/m_RPC/server/server.go:252.8,255.3 2 0
github.com/marsevilspirit/m_RPC/server/server.go:257.2,257.16 1 1
github.com/marsevilspirit/m_RPC/server/server.go:257.16,259.3 1 0
github.com/marsevilspirit/m_RPC/server/server.go:261.2,262.18 2 1
github.com/marsevilspirit/m_RPC/server/server.go:262.18,265.3 2 0
github.com/marsevilspirit/m_RPC/server/server.go:267.2,268.16 2 1
github.com/marsevilspirit/m_RPC/server/server.go:268.16,270.3 1 0
github.com/marsevilspirit/m_RPC/server/server.go:272.2,275.16 3 1
github.com/marsevilspirit/m_RPC/server/server.go:275.16,277.3 1 0
github.com/marsevilspirit/m_RPC/server/server.go:279.2,280.16 2 1
github.com/marsevilspirit/m_RPC/server/server.go:280.16,282.3 1 0
github.com/marsevilspirit/m_RPC/server/server.go:284.2,285.17 2 1
github.com/marsevilspirit/m_RPC/server/server.go:288.79,292.2 3 0
github.com/marsevilspirit/m_RPC/server/server.go:296.70,297.29 1 0
github.com/marsevilspirit/m_RPC/server/server.go:297.29,302.3 4 0
github.com/marsevilspirit/m_RPC/server/server.go:303.2,304.16 2 0
github.com/marsevilspirit/m_RPC/server/server.go:304.16,307.3 2 0
github.com/marsevilspirit/m_RPC/server/server.go:308.2,314.19 5 0
github.com/marsevilspirit/m_RPC/server/server.go:317.32,324.30 5 0
github.com/marsevilspirit/m_RPC/server/server.go:324.30,327.3 2 0
github.com/marsevilspirit/m_RPC/server/server.go:329.2,329.12 1 0
github.com/marsevilspirit/m_RPC/server/server.go:333.47,337.2 3 0
github.com/marsevilspirit/m_RPC/server/server.go:339.36,341.9 2 0
github.com/marsevilspirit/m_RPC/server/server.go:342.12,342.12 0 0
github.com/marsevilspirit/m_RPC/server/server.go:344.10,345.12 1 0
github.com/marsevilspirit/m_RPC/server/server.go:349.48,350.19 1 0
github.com/marsevilspirit/m_RPC/server/server.go:350.19,352.3 1 0
github.com/marsevilspirit/m_RPC/server/server.go:354.2,354.15 1 0
github.com/marsevilspirit/m_RPC/server/server.go:357.56,359.2 1 0
github.com/marsevilspirit/m_RPC/server/service.go:32.51,34.30 1 1
github.com/marsevilspirit/m_RPC/server/service.go:34.30,36.3 1 1
github.com/marsevilspirit/m_RPC/server/service.go:39.2,39.54 1 1
github.com/marsevilspirit/m_RPC/server/service.go:42.51,44.2 1 1
github.com/marsevilspirit/m_RPC/server/service.go:46.72,48.2 1 1
github.com/marsevilspirit/m_RPC/server/service.go:50.78,54.25 3 1
github.com/marsevilspirit/m_RPC/server/service.go:54.25,56.3 1 1
github.com/marsevilspirit/m_RPC/server/service.go:58.2,63.13 5 1
github.com/marsevilspirit/m_RPC/server/service.go:63.13,65.3 1 1
github.com/marsevilspirit/m_RPC/server/service.go:67.2,67.17 1 1
github.com/marsevilspirit/m_RPC/server/service.go:67.17,71.3 3 0
github.com/marsevilspirit/m_RPC/server/service.go:73.2,73.40 1 1
github.com/marsevilspirit/m_RPC/server/service.go:73.40,77.3 3 0
github.com/marsevilspirit/m_RPC/server/service.go:79.2,83.30 3 1
github.com/marsevilspirit/m_RPC/server/service.go:83.30,87.23 3 0
github.com/marsevilspirit/m_RPC/server/service.go:87.23,89.4 1 0
github.com/marsevilspirit/m_RPC/server/service.go:89.9,91.4 1 0
github.com/marsevilspirit/m_RPC/server/service.go:92.3,93.30 2 0
github.com/marsevilspirit/m_RPC/server/service.go:95.2,96.12 2 1
github.com/marsevilspirit/m_RPC/server/service.go:99.79,102.39 2 1
github.com/marsevilspirit/m_RPC/server/service.go:102.39,107.27 4 1
github.com/marsevilspirit/m_RPC/server/service.go:107.27,108.12 1 0
github.com/marsevilspirit/m_RPC/server/service.go:112.3,112.25 1 1
github.com/marsevilspirit/m_RPC/server/service.go:112.25,113.17 1 0
github.com/marsevilspirit/m_RPC/server/service.go:113.17,115.5 1 0
github.com/marsevilspirit/m_RPC/server/service.go:116.4,116.12 1 0
github.com/marsevilspirit/m_RPC/server/service.go:119.3,120.41 2 1
github.com/marsevilspirit/m_RPC/server/service.go:120.41,121.17 1 0
github.com/marsevilspirit/m_RPC/server/service.go:121.17,123.5 1 0
github.com/marsevilspirit/m_RPC/server/service.go:124.4,124.12 1 0
github.com/marsevilspirit/m_RPC/server/service.go:127.3,128.40 2 1
github.com/marsevilspirit/m_RPC/server/service.go:128.40,129.17 1 0
github.com/marsevilspirit/m_RPC/server/service.go:129.17,131.5 1 0
github.com/marsevilspirit/m_RPC/server/service.go:132.4,132.12 1 0
github.com/marsevilspirit/m_RPC/server/service.go:136.3,137.38 2 1
github.com/marsevilspirit/m_RPC/server/service.go:137.38,138.17 1 0
github.com/marsevilspirit/m_RPC/server/service.go:138.17,140.5 1 0
github.com/marsevilspirit/m_RPC/server/service.go:141.4,141.12 1 0
github.com/marsevilspirit/m_RPC/server/service.go:144.3,144.42 1 1
github.com/marsevilspirit/m_RPC/server/service.go:144.42,145.17 1 0
github.com/marsevilspirit/m_RPC/server/service.go:145.17,147.5 1 0
github.com/marsevilspirit/m_RPC/server/service.go:148.4,148.12 1 0
github.com/marsevilspirit/m_RPC/server/service.go:151.3,151.26 1 1
github.com/marsevilspirit/m_RPC/server/service.go:151.26,152.17 1 0
github.com/marsevilspirit/m_RPC/server/service.go:152.17,154.5 1 0
github.com/marsevilspirit/m_RPC/server/service.go:155.4,155.12 1 0
github.com/marsevilspirit/m_RPC/server/service.go:158.3,158.60 1 1
github.com/marsevilspirit/m_RPC/server/service.go:158.60,159.17 1 0
github.com/marsevilspirit/m_RPC/server/service.go:159.17,161.5 1 0
github.com/marsevilspirit/m_RPC/server/service.go:162.4,162.12 1 0
github.com/marsevilspirit/m_RPC/server/service.go:165.3,169.4 1 1
github.com/marsevilspirit/m_RPC/server/service.go:172.2,172.16 1 1
github.com/marsevilspirit/m_RPC/server/service.go:175.98,180.62 3 1
github.com/marsevilspirit/m_RPC/server/service.go:180.62,182.3 1 1
github.com/marsevilspirit/m_RPC/server/service.go:184.2,184.12 1 1
github.com/marsevilspirit/m_RPC/example/helloworld/helloworld.go:15.106,18.2 2 0
github.com/marsevilspirit/m_RPC/log/default_logger.go:15.49,17.2 1 0
github.com/marsevilspirit/m_RPC/log/default_logger.go:18.65,20.2 1 0
github.com/marsevilspirit/m_RPC/log/default_logger.go:22.48,24.2 1 0
github.com/marsevilspirit/m_RPC/log/default_logger.go:25.64,27.2 1 0
github.com/marsevilspirit/m_RPC/log/default_logger.go:29.48,31.2 1 0
github.com/marsevilspirit/m_RPC/log/default_logger.go:32.64,34.2 1 0
github.com/marsevilspirit/m_RPC/log/default_logger.go:36.49,38.2 1 0
github.com/marsevilspirit/m_RPC/log/default_logger.go:39.65,41.2 1 0
github.com/marsevilspirit/m_RPC/log/default_logger.go:43.49,46.2 2 0
github.com/marsevilspirit/m_RPC/log/default_logger.go:47.65,50.2 2 0
github.com/marsevilspirit/m_RPC/log/default_logger.go:52.49,54.2 1 0
github.com/marsevilspirit/m_RPC/log/default_logger.go:55.65,57.2 1 0
github.com/marsevilspirit/m_RPC/log/default_logger.go:59.37,61.2 1 0
github.com/marsevilspirit/m_RPC/log/logger.go:34.31,36.2 1 0
github.com/marsevilspirit/m_RPC/log/logger.go:38.30,40.2 1 0
github.com/marsevilspirit/m_RPC/log/logger.go:41.46,43.2 1 0
github.com/marsevilspirit/m_RPC/log/logger.go:45.29,47.2 1 0
github.com/marsevilspirit/m_RPC/log/logger.go:48.45,50.2 1 0
github.com/marsevilspirit/m_RPC/log/logger.go:52.29,54.2 1 0
github.com/marsevilspirit/m_RPC/log/logger.go:55.45,57.2 1 0
github.com/marsevilspirit/m_RPC/log/logger.go:59.30,61.2 1 0
github.com/marsevilspirit/m_RPC/log/logger.go:62.46,64.2 1 0
github.com/marsevilspirit/m_RPC/log/logger.go:66.30,68.2 1 0
github.com/marsevilspirit/m_RPC/log/logger.go:69.46,71.2 1 0
github.com/marsevilspirit/m_RPC/log/logger.go:73.30,75.2 1 0
github.com/marsevilspirit/m_RPC/log/logger.go:76.46,78.2 1 0
github.com/marsevilspirit/m_RPC/example/helloworldclient/main.go:13.13,20.16 3 0
github.com/marsevilspirit/m_RPC/example/helloworldclient/main.go:20.16,22.3 1 0
github.com/marsevilspirit/m_RPC/example/helloworldclient/main.go:24.2,31.16 4 0
github.com/marsevilspirit/m_RPC/example/helloworldclient/main.go:31.16,33.3 1 0
github.com/marsevilspirit/m_RPC/example/helloworldclient/main.go:35.2,35.35 1 0
github.com/marsevilspirit/m_RPC/util/compress.go:9.41,11.16 2 1
github.com/marsevilspirit/m_RPC/util/compress.go:11.16,13.3 1 0
github.com/marsevilspirit/m_RPC/util/compress.go:14.2,17.16 3 1
github.com/marsevilspirit/m_RPC/util/compress.go:17.16,19.3 1 0
github.com/marsevilspirit/m_RPC/util/compress.go:20.2,20.20 1 1
github.com/marsevilspirit/m_RPC/util/compress.go:23.39,28.16 4 1
github.com/marsevilspirit/m_RPC/util/compress.go:28.16,30.3 1 0
github.com/marsevilspirit/m_RPC/util/compress.go:32.2,33.16 2 1
github.com/marsevilspirit/m_RPC/util/compress.go:33.16,35.3 1 0
github.com/marsevilspirit/m_RPC/util/compress.go:37.2,37.25 1 1
github.com/marsevilspirit/m_RPC/util/converter.go:5.41,7.2 1 1
github.com/marsevilspirit/m_RPC/util/converter.go:9.41,11.2 1 1
github.com/marsevilspirit/m_RPC/util/net.go:8.42,10.16 2 1
github.com/marsevilspirit/m_RPC/util/net.go:10.16,12.3 1 0
github.com/marsevilspirit/m_RPC/util/net.go:13.2,17.23 3 1
github.com/marsevilspirit/m_RPC/client/client.go:39.26,40.9 1 1
github.com/marsevilspirit/m_RPC/client/client.go:41.25,41.25 0 1
github.com/marsevilspirit/m_RPC/client/client.go:43.10,44.81 1 0
github.com/marsevilspirit/m_RPC/client/client.go:74.37,77.40 2 1
github.com/marsevilspirit/m_RPC/client/client.go:77.40,79.18 2 0
github.com/marsevilspirit/m_RPC/client/client.go:79.18,82.4 2 0
github.com/marsevilspirit/m_RPC/client/client.go:85.2,85.39 1 1
github.com/marsevilspirit/m_RPC/client/client.go:85.39,88.3 2 0
github.com/marsevilspirit/m_RPC/client/client.go:90.2,92.28 3 1
github.com/marsevilspirit/m_RPC/client/client.go:95.127,101.9 5 1
github.com/marsevilspirit/m_RPC/client/client.go:102.20,107.18 5 0
github.com/marsevilspirit/m_RPC/client/client.go:107.18,110.4 2 0
github.com/marsevilspirit/m_RPC/client/client.go:112.3,112.19 1 0
github.com/marsevilspirit/m_RPC/client/client.go:113.22,114.19 1 1
github.com/marsevilspirit/m_RPC/client/client.go:117.2,117.12 1 1
github.com/marsevilspirit/m_RPC/client/client.go:120.142,129.22 2 1
github.com/marsevilspirit/m_RPC/client/client.go:129.22,131.3 1 0
github.com/marsevilspirit/m_RPC/client/client.go:131.8,131.32 1 1
github.com/marsevilspirit/m_RPC/client/client.go:131.32,133.3 1 0
github.com/marsevilspirit/m_RPC/client/client.go:135.2,137.13 3 1
github.com/marsevilspirit/m_RPC/client/client.go:140.61,142.39 2 1
github.com/marsevilspirit/m_RPC/client/client.go:142.39,147.3 4 0
github.com/marsevilspirit/m_RPC/client/client.go:149.2,150.18 2 1
github.com/marsevilspirit/m_RPC/client/client.go:150.18,155.3 4 0
github.com/marsevilspirit/m_RPC/client/client.go:157.2,157.27 1 1
github.com/marsevilspirit/m_RPC/client/client.go:157.27,159.3 1 1
github.com/marsevilspirit/m_RPC/client/client.go:161.2,166.51 5 1
github.com/marsevilspirit/m_RPC/client/client.go:166.51,168.3 1 1
github.com/marsevilspirit/m_RPC/client/client.go:170.2,178.16 8 1
github.com/marsevilspirit/m_RPC/client/client.go:178.16,182.3 3 0
github.com/marsevilspirit/m_RPC/client/client.go:184.2,184.62 1 1
github.com/marsevilspirit/m_RPC/client/client.go:184.62,186.17 2 0
github.com/marsevilspirit/m_RPC/client/client.go:186.17,190.4 3 0
github.com/marsevilspirit/m_RPC/client/client.go:192.3,192.43 1 0
github.com/marsevilspirit/m_RPC/client/client.go:195.2,198.16 3 1
github.com/marsevilspirit/m_RPC/client/client.go:198.16,200.3 1 1
github.com/marsevilspirit/m_RPC/client/client.go:201.2,201.16 1 1
github.com/marsevilspirit/m_RPC/client/client.go:201.16,206.18 5 0
github.com/marsevilspirit/m_RPC/client/client.go:206.18,209.4 2 0
github.com/marsevilspirit/m_RPC/client/client.go:213.33,217.17 3 1
github.com/marsevilspirit/m_RPC/client/client.go:217.17,220.17 2 1
github.com/marsevilspirit/m_RPC/client/client.go:220.17,221.9 1 1
github.com/marsevilspirit/m_RPC/client/client.go:224.3,230.10 6 1
github.com/marsevilspirit/m_RPC/client/client.go:231.20,231.20 0 0
github.com/marsevilspirit/m_RPC/client/client.go:233.50,235.15 2 1
github.com/marsevilspirit/m_RPC/client/client.go:236.11,238.43 2 1
github.com/marsevilspirit/m_RPC/client/client.go:238.43,240.19 2 0
github.com/marsevilspirit/m_RPC/client/client.go:240.19,242.6 1 0
github.com/marsevilspirit/m_RPC/client/client.go:245.4,246.20 2 1
github.com/marsevilspirit/m_RPC/client/client.go:246.20,248.5 1 0
github.com/marsevilspirit/m_RPC/client/client.go:248.10,250.19 2 1
github.com/marsevilspirit/m_RPC/client/client.go:250.19,252.6 1 0
github.com/marsevilspirit/m_RPC/client/client.go:255.4,255.15 1 1
github.com/marsevilspirit/m_RPC/client/client.go:259.2,262.19 4 1
github.com/marsevilspirit/m_RPC/client/client.go:262.19,263.14 1 0
github.com/marsevilspirit/m_RPC/client/client.go:263.14,265.4 1 0
github.com/marsevilspirit/m_RPC/client/client.go:265.9,267.4 1 0
github.com/marsevilspirit/m_RPC/client/client.go:270.2,270.38 1 1
github.com/marsevilspirit/m_RPC/client/client.go:270.38,273.3 2 0
github.com/marsevilspirit/m_RPC/client/client.go:275.2,276.31 2 1
github.com/marsevilspirit/m_RPC/client/client.go:276.31,278.3 1 0
github.com/marsevilspirit/m_RPC/client/connection.go:16.78,20.17 3 1
github.com/marsevilspirit/m_RPC/client/connection.go:21.14,22.53 1 0
github.com/marsevilspirit/m_RPC/client/connection.go:23.10,24.52 1 1
github.com/marsevilspirit/m_RPC/client/connection.go:27.2,27.31 1 1
github.com/marsevilspirit/m_RPC/client/connection.go:27.31,28.25 1 1
github.com/marsevilspirit/m_RPC/client/connection.go:28.25,30.4 1 0
github.com/marsevilspirit/m_RPC/client/connection.go:31.3,31.26 1 1
github.com/marsevilspirit/m_RPC/client/connection.go:31.26,33.4 1 0
github.com/marsevilspirit/m_RPC/client/connection.go:35.3,39.17 4 1
github.com/marsevilspirit/m_RPC/client/connection.go:42.2,42.12 1 1
github.com/marsevilspirit/m_RPC/client/connection.go:45.98,50.36 4 1
github.com/marsevilspirit/m_RPC/client/connection.go:50.36,56.3 3 0
github.com/marsevilspirit/m_RPC/client/connection.go:56.8,58.3 1 1
github.com/marsevilspirit/m_RPC/client/connection.go:60.2,60.16 1 1
github.com/marsevilspirit/m_RPC/client/connection.go:60.16,63.3 2 0
github.com/marsevilspirit/m_RPC/client/connection.go:65.2,65.18 1 1
github.com/marsevilspirit/m_RPC/client/connection.go:70.99,73.19 2 0
github.com/marsevilspirit/m_RPC/client/connection.go:73.19,75.3 1 0
github.com/marsevilspirit/m_RPC/client/connection.go:75.8,77.3 1 0
github.com/marsevilspirit/m_RPC/client/connection.go:79.2,85.36 5 0
github.com/marsevilspirit/m_RPC/client/connection.go:85.36,92.3 3 0
github.com/marsevilspirit/m_RPC/client/connection.go:92.8,94.3 1 0
github.com/marsevilspirit/m_RPC/client/connection.go:95.2,95.16 1 0
github.com/marsevilspirit/m_RPC/client/connection.go:95.16,98.3 2 0
github.com/marsevilspirit/m_RPC/client/connection.go:100.2,103.44 3 0
github.com/marsevilspirit/m_RPC/client/connection.go:103.44,105.3 1 0
github.com/marsevilspirit/m_RPC/client/connection.go:106.2,106.16 1 0
github.com/marsevilspirit/m_RPC/client/connection.go:106.16,109.3 2 0
github.com/marsevilspirit/m_RPC/client/connection.go:110.2,116.3 2 0
github.com/marsevilspirit/m_RPC/log/default_logger.go:15.49,17.2 1 0
github.com/marsevilspirit/m_RPC/log/default_logger.go:18.65,20.2 1 0
github.com/marsevilspirit/m_RPC/log/default_logger.go:22.48,24.2 1 1
github.com/marsevilspirit/m_RPC/log/default_logger.go:25.64,27.2 1 0
github.com/marsevilspirit/m_RPC/log/default_logger.go:29.48,31.2 1 0
github.com/marsevilspirit/m_RPC/log/default_logger.go:32.64,34.2 1 0
github.com/marsevilspirit/m_RPC/log/default_logger.go:36.49,38.2 1 0
github.com/marsevilspirit/m_RPC/log/default_logger.go:39.65,41.2 1 1
github.com/marsevilspirit/m_RPC/log/default_logger.go:43.49,46.2 2 0
github.com/marsevilspirit/m_RPC/log/default_logger.go:47.65,50.2 2 0
github.com/marsevilspirit/m_RPC/log/default_logger.go:52.49,54.2 1 0
github.com/marsevilspirit/m_RPC/log/default_logger.go:55.65,57.2 1 0
github.com/marsevilspirit/m_RPC/log/default_logger.go:59.37,61.2 1 1
github.com/marsevilspirit/m_RPC/log/logger.go:34.31,36.2 1 0
github.com/marsevilspirit/m_RPC/log/logger.go:38.30,40.2 1 0
github.com/marsevilspirit/m_RPC/log/logger.go:41.46,43.2 1 0
github.com/marsevilspirit/m_RPC/log/logger.go:45.29,47.2 1 1
github.com/marsevilspirit/m_RPC/log/logger.go:48.45,50.2 1 0
github.com/marsevilspirit/m_RPC/log/logger.go:52.29,54.2 1 0
github.com/marsevilspirit/m_RPC/log/logger.go:55.45,57.2 1 0
github.com/marsevilspirit/m_RPC/log/logger.go:59.30,61.2 1 0
github.com/marsevilspirit/m_RPC/log/logger.go:62.46,64.2 1 1
github.com/marsevilspirit/m_RPC/log/logger.go:66.30,68.2 1 0
github.com/marsevilspirit/m_RPC/log/logger.go:69.46,71.2 1 0
github.com/marsevilspirit/m_RPC/log/logger.go:73.30,75.2 1 0
github.com/marsevilspirit/m_RPC/log/logger.go:76.46,78.2 1 0
